> Task :mobile:preBuild UP-TO-DATE
> Task :mobile:preDebugBuild UP-TO-DATE
> Task :mobile:mergeDebugNativeDebugMetadata NO-SOURCE
> Task :mobile:checkKotlinGradlePluginConfigurationErrors SKIPPED
> Task :mobile:dataBindingMergeDependencyArtifactsDebug UP-TO-DATE
> Task :mobile:generateDebugResValues UP-TO-DATE
> Task :mobile:generateDebugResources
> Task :shared:preBuild UP-TO-DATE
> Task :shared:preDebugBuild UP-TO-DATE
> Task :shared:generateDebugResValues UP-TO-DATE
> Task :shared:generateDebugResources UP-TO-DATE
> Task :shared:packageDebugResources UP-TO-DATE
> Task :mobile:mergeDebugResources
> Task :mobile:packageDebugResources
> Task :shared:parseDebugLocalResources UP-TO-DATE
> Task :shared:generateDebugRFile UP-TO-DATE
> Task :mobile:dataBindingTriggerDebug UP-TO-DATE
> Task :shared:writeDebugAarMetadata UP-TO-DATE
> Task :mobile:checkDebugAarMetadata UP-TO-DATE
> Task :mobile:parseDebugLocalResources
> Task :mobile:mapDebugSourceSetPaths
> Task :mobile:dataBindingGenBaseClassesDebug UP-TO-DATE
> Task :mobile:createDebugCompatibleScreenManifests UP-TO-DATE
> Task :mobile:extractDeepLinksDebug UP-TO-DATE
> Task :shared:extractDeepLinksDebug UP-TO-DATE
> Task :shared:processDebugManifest UP-TO-DATE
> Task :mobile:processDebugMainManifest UP-TO-DATE
> Task :mobile:processDebugManifest UP-TO-DATE
> Task :mobile:processDebugManifestForPackage UP-TO-DATE
> Task :shared:compileDebugLibraryResources UP-TO-DATE
> Task :shared:checkKotlinGradlePluginConfigurationErrors SKIPPED
> Task :shared:compileDebugKotlin UP-TO-DATE
> Task :shared:javaPreCompileDebug UP-TO-DATE
> Task :shared:compileDebugJavaWithJavac NO-SOURCE
> Task :shared:bundleLibCompileToJarDebug UP-TO-DATE
> Task :mobile:javaPreCompileDebug UP-TO-DATE
> Task :mobile:mergeDebugShaders UP-TO-DATE
> Task :mobile:compileDebugShaders NO-SOURCE
> Task :mobile:generateDebugAssets UP-TO-DATE
> Task :shared:mergeDebugShaders UP-TO-DATE
> Task :shared:compileDebugShaders NO-SOURCE
> Task :shared:generateDebugAssets UP-TO-DATE
> Task :shared:packageDebugAssets UP-TO-DATE
> Task :mobile:mergeDebugAssets UP-TO-DATE
> Task :mobile:compressDebugAssets UP-TO-DATE
> Task :shared:bundleLibRuntimeToJarDebug UP-TO-DATE
> Task :mobile:desugarDebugFileDependencies UP-TO-DATE
> Task :shared:processDebugJavaRes UP-TO-DATE
> Task :mobile:checkDebugDuplicateClasses UP-TO-DATE
> Task :mobile:mergeDebugStartupProfile
> Task :mobile:processDebugResources FAILED
> Task :mobile:mergeExtDexDebug

FAILURE: Build failed with an exception.

* What went wrong:
Execution failed for task ':mobile:processDebugResources'.
> A failure occurred while executing com.android.build.gradle.internal.res.LinkApplicationAndroidResourcesTask$TaskAction
   > Android resource linking failed
     note: generating mipmap/ic_launcher_round with config "anydpi-v33" for round icon compatibility.
     it.vantaggi.scoreboardessential.mobile-mergeDebugResources-3:/layout/view_formation_player_marker.xml:18: error: resource style/Widget.Material3.Card (aka it.vantaggi.scoreboardessential:style/Widget.Material3.Card) not found.
     error: failed linking file resources.


* Try:
> Run with --stacktrace option to get the stack trace.
> Run with --info or --debug option to get more log output.
> Run with --scan to get full insights.
> Get more help at https://help.gradle.org.

BUILD FAILED in 45s
40 actionable tasks: 8 executed, 32 up-to-date
